2026-01-16 13:42:29,293 [main] INFO  ru.itis.dis403.lab1_01.HttpServer- start HttpServer
2026-01-16 13:42:33,512 [Thread-0] DEBUG ru.itis.dis403.lab1_01.RequestHandler- GET /hello HTTP/1.1
2026-01-16 13:42:33,512 [Thread-0] DEBUG ru.itis.dis403.lab1_01.RequestHandler- Host: localhost:8080
2026-01-16 13:42:33,513 [Thread-0] DEBUG ru.itis.dis403.lab1_01.RequestHandler- Connection: keep-alive
2026-01-16 13:42:33,513 [Thread-0] DEBUG ru.itis.dis403.lab1_01.RequestHandler- Cache-Control: max-age=0
2026-01-16 13:42:33,513 [Thread-0] DEBUG ru.itis.dis403.lab1_01.RequestHandler- sec-ch-ua: "Not(A:Brand";v="8", "Chromium";v="144", "Google Chrome";v="144"
2026-01-16 13:42:33,513 [Thread-0] DEBUG ru.itis.dis403.lab1_01.RequestHandler- sec-ch-ua-mobile: ?0
2026-01-16 13:42:33,513 [Thread-0] DEBUG ru.itis.dis403.lab1_01.RequestHandler- sec-ch-ua-platform: "macOS"
2026-01-16 13:42:33,513 [Thread-0] DEBUG ru.itis.dis403.lab1_01.RequestHandler- Upgrade-Insecure-Requests: 1
2026-01-16 13:42:33,513 [Thread-0] DEBUG ru.itis.dis403.lab1_01.RequestHandler- DNT: 1
2026-01-16 13:42:33,513 [Thread-0] DEBUG ru.itis.dis403.lab1_01.RequestHandler- User-Agent: Mozilla/5.0 (Macintosh; Intel Mac OS X 10_15_7) AppleWebKit/537.36 (KHTML, like Gecko) Chrome/144.0.0.0 Safari/537.36
2026-01-16 13:42:33,513 [Thread-0] DEBUG ru.itis.dis403.lab1_01.RequestHandler- Accept: text/html,application/xhtml+xml,application/xml;q=0.9,image/avif,image/webp,image/apng,*/*;q=0.8,application/signed-exchange;v=b3;q=0.7
2026-01-16 13:42:33,513 [Thread-0] DEBUG ru.itis.dis403.lab1_01.RequestHandler- Sec-Fetch-Site: cross-site
2026-01-16 13:42:33,513 [Thread-0] DEBUG ru.itis.dis403.lab1_01.RequestHandler- Sec-Fetch-Mode: navigate
2026-01-16 13:42:33,513 [Thread-0] DEBUG ru.itis.dis403.lab1_01.RequestHandler- Sec-Fetch-User: ?1
2026-01-16 13:42:33,513 [Thread-0] DEBUG ru.itis.dis403.lab1_01.RequestHandler- Sec-Fetch-Dest: document
2026-01-16 13:42:33,514 [Thread-0] DEBUG ru.itis.dis403.lab1_01.RequestHandler- Accept-Encoding: gzip, deflate, br, zstd
2026-01-16 13:42:33,514 [Thread-0] DEBUG ru.itis.dis403.lab1_01.RequestHandler- Accept-Language: en-GB,en;q=0.9,ru-RU;q=0.8,ru;q=0.7,en-US;q=0.6
2026-01-16 13:42:33,514 [Thread-0] DEBUG ru.itis.dis403.lab1_01.RequestHandler- 
2026-01-16 13:42:33,514 [Thread-0] DEBUG ru.itis.dis403.lab1_01.RequestHandler- end of request header
2026-01-16 13:42:33,514 [Thread-0] DEBUG ru.itis.dis403.lab1_01.RequestHandler- outputStreamjava.net.Socket$SocketOutputStream@74439e2c
2026-01-16 13:42:33,549 [Thread-1] DEBUG ru.itis.dis403.lab1_01.RequestHandler- GET /favicon.ico HTTP/1.1
2026-01-16 13:42:33,549 [Thread-1] DEBUG ru.itis.dis403.lab1_01.RequestHandler- Host: localhost:8080
2026-01-16 13:42:33,550 [Thread-1] DEBUG ru.itis.dis403.lab1_01.RequestHandler- Connection: keep-alive
2026-01-16 13:42:33,550 [Thread-1] DEBUG ru.itis.dis403.lab1_01.RequestHandler- sec-ch-ua-platform: "macOS"
2026-01-16 13:42:33,550 [Thread-1] DEBUG ru.itis.dis403.lab1_01.RequestHandler- User-Agent: Mozilla/5.0 (Macintosh; Intel Mac OS X 10_15_7) AppleWebKit/537.36 (KHTML, like Gecko) Chrome/144.0.0.0 Safari/537.36
2026-01-16 13:42:33,550 [Thread-1] DEBUG ru.itis.dis403.lab1_01.RequestHandler- sec-ch-ua: "Not(A:Brand";v="8", "Chromium";v="144", "Google Chrome";v="144"
2026-01-16 13:42:33,551 [Thread-1] DEBUG ru.itis.dis403.lab1_01.RequestHandler- DNT: 1
2026-01-16 13:42:33,551 [Thread-1] DEBUG ru.itis.dis403.lab1_01.RequestHandler- sec-ch-ua-mobile: ?0
2026-01-16 13:42:33,551 [Thread-1] DEBUG ru.itis.dis403.lab1_01.RequestHandler- Accept: image/avif,image/webp,image/apng,image/svg+xml,image/*,*/*;q=0.8
2026-01-16 13:42:33,551 [Thread-1] DEBUG ru.itis.dis403.lab1_01.RequestHandler- Sec-Fetch-Site: same-origin
2026-01-16 13:42:33,552 [Thread-1] DEBUG ru.itis.dis403.lab1_01.RequestHandler- Sec-Fetch-Mode: no-cors
2026-01-16 13:42:33,552 [Thread-1] DEBUG ru.itis.dis403.lab1_01.RequestHandler- Sec-Fetch-Dest: image
2026-01-16 13:42:33,552 [Thread-1] DEBUG ru.itis.dis403.lab1_01.RequestHandler- Referer: http://localhost:8080/hello
2026-01-16 13:42:33,552 [Thread-1] DEBUG ru.itis.dis403.lab1_01.RequestHandler- Accept-Encoding: gzip, deflate, br, zstd
2026-01-16 13:42:33,552 [Thread-1] DEBUG ru.itis.dis403.lab1_01.RequestHandler- Accept-Language: en-GB,en;q=0.9,ru-RU;q=0.8,ru;q=0.7,en-US;q=0.6
2026-01-16 13:42:33,552 [Thread-1] DEBUG ru.itis.dis403.lab1_01.RequestHandler- Cookie: Idea-baf2e7c=5b814342-0090-4b63-a748-272a9d405245; Webstorm-11ca9643=d53d40ff-5988-43f2-b781-1b8e027852f5; Idea-baf2e7b=3a3b6e6d-2234-4c51-9954-a3a4bd6d5bd2
2026-01-16 13:42:33,552 [Thread-1] DEBUG ru.itis.dis403.lab1_01.RequestHandler- 
2026-01-16 13:42:33,552 [Thread-1] DEBUG ru.itis.dis403.lab1_01.RequestHandler- end of request header
2026-01-16 13:42:33,552 [Thread-1] DEBUG ru.itis.dis403.lab1_01.RequestHandler- outputStreamjava.net.Socket$SocketOutputStream@724afb07
2026-01-16 13:42:54,062 [Thread-2] DEBUG ru.itis.dis403.lab1_01.RequestHandler- GET /resource/part?name=tat&region=16 HTTP/1.1
2026-01-16 13:42:54,063 [Thread-2] DEBUG ru.itis.dis403.lab1_01.RequestHandler- Host: localhost:8080
2026-01-16 13:42:54,064 [Thread-2] DEBUG ru.itis.dis403.lab1_01.RequestHandler- Connection: keep-alive
2026-01-16 13:42:54,064 [Thread-2] DEBUG ru.itis.dis403.lab1_01.RequestHandler- sec-ch-ua: "Not(A:Brand";v="8", "Chromium";v="144", "Google Chrome";v="144"
2026-01-16 13:42:54,064 [Thread-2] DEBUG ru.itis.dis403.lab1_01.RequestHandler- sec-ch-ua-mobile: ?0
2026-01-16 13:42:54,064 [Thread-2] DEBUG ru.itis.dis403.lab1_01.RequestHandler- sec-ch-ua-platform: "macOS"
2026-01-16 13:42:54,064 [Thread-2] DEBUG ru.itis.dis403.lab1_01.RequestHandler- DNT: 1
2026-01-16 13:42:54,064 [Thread-2] DEBUG ru.itis.dis403.lab1_01.RequestHandler- Upgrade-Insecure-Requests: 1
2026-01-16 13:42:54,064 [Thread-2] DEBUG ru.itis.dis403.lab1_01.RequestHandler- User-Agent: Mozilla/5.0 (Macintosh; Intel Mac OS X 10_15_7) AppleWebKit/537.36 (KHTML, like Gecko) Chrome/144.0.0.0 Safari/537.36
2026-01-16 13:42:54,064 [Thread-2] DEBUG ru.itis.dis403.lab1_01.RequestHandler- Accept: text/html,application/xhtml+xml,application/xml;q=0.9,image/avif,image/webp,image/apng,*/*;q=0.8,application/signed-exchange;v=b3;q=0.7
2026-01-16 13:42:54,065 [Thread-2] DEBUG ru.itis.dis403.lab1_01.RequestHandler- Sec-Fetch-Site: none
2026-01-16 13:42:54,065 [Thread-2] DEBUG ru.itis.dis403.lab1_01.RequestHandler- Sec-Fetch-Mode: navigate
2026-01-16 13:42:54,066 [Thread-2] DEBUG ru.itis.dis403.lab1_01.RequestHandler- Sec-Fetch-User: ?1
2026-01-16 13:42:54,066 [Thread-2] DEBUG ru.itis.dis403.lab1_01.RequestHandler- Sec-Fetch-Dest: document
2026-01-16 13:42:54,066 [Thread-2] DEBUG ru.itis.dis403.lab1_01.RequestHandler- Accept-Encoding: gzip, deflate, br, zstd
2026-01-16 13:42:54,066 [Thread-2] DEBUG ru.itis.dis403.lab1_01.RequestHandler- Accept-Language: en-GB,en;q=0.9,ru-RU;q=0.8,ru;q=0.7,en-US;q=0.6
2026-01-16 13:42:54,066 [Thread-2] DEBUG ru.itis.dis403.lab1_01.RequestHandler- Cookie: Idea-baf2e7c=5b814342-0090-4b63-a748-272a9d405245; Webstorm-11ca9643=d53d40ff-5988-43f2-b781-1b8e027852f5; Idea-baf2e7b=3a3b6e6d-2234-4c51-9954-a3a4bd6d5bd2
2026-01-16 13:42:54,066 [Thread-2] DEBUG ru.itis.dis403.lab1_01.RequestHandler- 
2026-01-16 13:42:54,066 [Thread-2] DEBUG ru.itis.dis403.lab1_01.RequestHandler- end of request header
2026-01-16 13:42:54,066 [Thread-2] DEBUG ru.itis.dis403.lab1_01.RequestHandler- outputStreamjava.net.Socket$SocketOutputStream@2b4a19f9
2026-01-16 13:42:55,734 [Thread-3] DEBUG ru.itis.dis403.lab1_01.RequestHandler- GET /resource/part?name=tat&region=16 HTTP/1.1
2026-01-16 13:42:55,735 [Thread-3] DEBUG ru.itis.dis403.lab1_01.RequestHandler- Host: localhost:8080
2026-01-16 13:42:55,735 [Thread-3] DEBUG ru.itis.dis403.lab1_01.RequestHandler- Connection: keep-alive
2026-01-16 13:42:55,736 [Thread-3] DEBUG ru.itis.dis403.lab1_01.RequestHandler- Cache-Control: max-age=0
2026-01-16 13:42:55,736 [Thread-3] DEBUG ru.itis.dis403.lab1_01.RequestHandler- sec-ch-ua: "Not(A:Brand";v="8", "Chromium";v="144", "Google Chrome";v="144"
2026-01-16 13:42:55,736 [Thread-3] DEBUG ru.itis.dis403.lab1_01.RequestHandler- sec-ch-ua-mobile: ?0
2026-01-16 13:42:55,736 [Thread-3] DEBUG ru.itis.dis403.lab1_01.RequestHandler- sec-ch-ua-platform: "macOS"
2026-01-16 13:42:55,736 [Thread-3] DEBUG ru.itis.dis403.lab1_01.RequestHandler- DNT: 1
2026-01-16 13:42:55,736 [Thread-3] DEBUG ru.itis.dis403.lab1_01.RequestHandler- Upgrade-Insecure-Requests: 1
2026-01-16 13:42:55,736 [Thread-3] DEBUG ru.itis.dis403.lab1_01.RequestHandler- User-Agent: Mozilla/5.0 (Macintosh; Intel Mac OS X 10_15_7) AppleWebKit/537.36 (KHTML, like Gecko) Chrome/144.0.0.0 Safari/537.36
2026-01-16 13:42:55,737 [Thread-3] DEBUG ru.itis.dis403.lab1_01.RequestHandler- Accept: text/html,application/xhtml+xml,application/xml;q=0.9,image/avif,image/webp,image/apng,*/*;q=0.8,application/signed-exchange;v=b3;q=0.7
2026-01-16 13:42:55,737 [Thread-3] DEBUG ru.itis.dis403.lab1_01.RequestHandler- Sec-Fetch-Site: none
2026-01-16 13:42:55,737 [Thread-3] DEBUG ru.itis.dis403.lab1_01.RequestHandler- Sec-Fetch-Mode: navigate
2026-01-16 13:42:55,737 [Thread-3] DEBUG ru.itis.dis403.lab1_01.RequestHandler- Sec-Fetch-User: ?1
2026-01-16 13:42:55,737 [Thread-3] DEBUG ru.itis.dis403.lab1_01.RequestHandler- Sec-Fetch-Dest: document
2026-01-16 13:42:55,740 [Thread-3] DEBUG ru.itis.dis403.lab1_01.RequestHandler- Accept-Encoding: gzip, deflate, br, zstd
2026-01-16 13:42:55,741 [Thread-3] DEBUG ru.itis.dis403.lab1_01.RequestHandler- Accept-Language: en-GB,en;q=0.9,ru-RU;q=0.8,ru;q=0.7,en-US;q=0.6
2026-01-16 13:42:55,741 [Thread-3] DEBUG ru.itis.dis403.lab1_01.RequestHandler- Cookie: Idea-baf2e7c=5b814342-0090-4b63-a748-272a9d405245; Webstorm-11ca9643=d53d40ff-5988-43f2-b781-1b8e027852f5; Idea-baf2e7b=3a3b6e6d-2234-4c51-9954-a3a4bd6d5bd2
2026-01-16 13:42:55,741 [Thread-3] DEBUG ru.itis.dis403.lab1_01.RequestHandler- 
2026-01-16 13:42:55,741 [Thread-3] DEBUG ru.itis.dis403.lab1_01.RequestHandler- end of request header
2026-01-16 13:42:55,741 [Thread-3] DEBUG ru.itis.dis403.lab1_01.RequestHandler- outputStreamjava.net.Socket$SocketOutputStream@9c1138d
2026-01-16 13:44:02,022 [Thread-4] DEBUG ru.itis.dis403.lab1_01.RequestHandler- null
2026-01-16 13:44:42,273 [Thread-5] DEBUG ru.itis.dis403.lab1_01.RequestHandler- GET /home HTTP/1.1
2026-01-16 13:44:42,273 [Thread-5] DEBUG ru.itis.dis403.lab1_01.RequestHandler- Host: localhost:8080
2026-01-16 13:44:42,273 [Thread-5] DEBUG ru.itis.dis403.lab1_01.RequestHandler- Connection: keep-alive
2026-01-16 13:44:42,274 [Thread-5] DEBUG ru.itis.dis403.lab1_01.RequestHandler- sec-ch-ua: "Not(A:Brand";v="8", "Chromium";v="144", "Google Chrome";v="144"
2026-01-16 13:44:42,275 [Thread-5] DEBUG ru.itis.dis403.lab1_01.RequestHandler- sec-ch-ua-mobile: ?0
2026-01-16 13:44:42,275 [Thread-5] DEBUG ru.itis.dis403.lab1_01.RequestHandler- sec-ch-ua-platform: "macOS"
2026-01-16 13:44:42,275 [Thread-5] DEBUG ru.itis.dis403.lab1_01.RequestHandler- DNT: 1
2026-01-16 13:44:42,275 [Thread-5] DEBUG ru.itis.dis403.lab1_01.RequestHandler- Upgrade-Insecure-Requests: 1
2026-01-16 13:44:42,275 [Thread-5] DEBUG ru.itis.dis403.lab1_01.RequestHandler- User-Agent: Mozilla/5.0 (Macintosh; Intel Mac OS X 10_15_7) AppleWebKit/537.36 (KHTML, like Gecko) Chrome/144.0.0.0 Safari/537.36
2026-01-16 13:44:42,276 [Thread-5] DEBUG ru.itis.dis403.lab1_01.RequestHandler- Accept: text/html,application/xhtml+xml,application/xml;q=0.9,image/avif,image/webp,image/apng,*/*;q=0.8,application/signed-exchange;v=b3;q=0.7
2026-01-16 13:44:42,276 [Thread-5] DEBUG ru.itis.dis403.lab1_01.RequestHandler- Sec-Fetch-Site: cross-site
2026-01-16 13:44:42,276 [Thread-5] DEBUG ru.itis.dis403.lab1_01.RequestHandler- Sec-Fetch-Mode: navigate
2026-01-16 13:44:42,276 [Thread-5] DEBUG ru.itis.dis403.lab1_01.RequestHandler- Sec-Fetch-User: ?1
2026-01-16 13:44:42,276 [Thread-5] DEBUG ru.itis.dis403.lab1_01.RequestHandler- Sec-Fetch-Dest: document
2026-01-16 13:44:42,276 [Thread-5] DEBUG ru.itis.dis403.lab1_01.RequestHandler- Accept-Encoding: gzip, deflate, br, zstd
2026-01-16 13:44:42,276 [Thread-5] DEBUG ru.itis.dis403.lab1_01.RequestHandler- Accept-Language: en-GB,en;q=0.9,ru-RU;q=0.8,ru;q=0.7,en-US;q=0.6
2026-01-16 13:44:42,276 [Thread-5] DEBUG ru.itis.dis403.lab1_01.RequestHandler- 
2026-01-16 13:44:42,276 [Thread-5] DEBUG ru.itis.dis403.lab1_01.RequestHandler- end of request header
2026-01-16 13:44:42,276 [Thread-5] DEBUG ru.itis.dis403.lab1_01.RequestHandler- outputStreamjava.net.Socket$SocketOutputStream@5aa18ffb
2026-01-16 13:44:55,318 [Thread-6] DEBUG ru.itis.dis403.lab1_01.RequestHandler- GET /shutdown HTTP/1.1
2026-01-16 13:44:55,318 [Thread-6] INFO  ru.itis.dis403.lab1_01.RequestHandler- server stopped by client
2026-01-16 13:44:55,319 [Thread-7] DEBUG ru.itis.dis403.lab1_01.RequestHandler- GET /shutdown HTTP/1.1
2026-01-16 13:44:55,319 [Thread-7] INFO  ru.itis.dis403.lab1_01.RequestHandler- server stopped by client
2026-01-16 13:44:55,320 [Thread-8] DEBUG ru.itis.dis403.lab1_01.RequestHandler- GET /shutdown HTTP/1.1
2026-01-16 13:44:55,321 [Thread-8] INFO  ru.itis.dis403.lab1_01.RequestHandler- server stopped by client
2026-01-16 13:44:56,354 [Thread-9] DEBUG ru.itis.dis403.lab1_01.RequestHandler- GET /shutdown HTTP/1.1
2026-01-16 13:44:56,354 [Thread-9] INFO  ru.itis.dis403.lab1_01.RequestHandler- server stopped by client
2026-01-16 13:45:49,144 [Thread-10] DEBUG ru.itis.dis403.lab1_01.RequestHandler- null
2026-01-16 13:46:08,855 [main] INFO  ru.itis.dis403.lab1_01.HttpServer- start HttpServer
2026-01-16 13:46:11,212 [Thread-0] DEBUG ru.itis.dis403.lab1_01.RequestHandler- GET /home HTTP/1.1
2026-01-16 13:46:11,212 [Thread-0] DEBUG ru.itis.dis403.lab1_01.RequestHandler- Host: localhost:8080
2026-01-16 13:46:11,212 [Thread-0] DEBUG ru.itis.dis403.lab1_01.RequestHandler- Connection: keep-alive
2026-01-16 13:46:11,212 [Thread-0] DEBUG ru.itis.dis403.lab1_01.RequestHandler- Cache-Control: max-age=0
2026-01-16 13:46:11,212 [Thread-0] DEBUG ru.itis.dis403.lab1_01.RequestHandler- sec-ch-ua: "Not(A:Brand";v="8", "Chromium";v="144", "Google Chrome";v="144"
2026-01-16 13:46:11,213 [Thread-0] DEBUG ru.itis.dis403.lab1_01.RequestHandler- sec-ch-ua-mobile: ?0
2026-01-16 13:46:11,213 [Thread-0] DEBUG ru.itis.dis403.lab1_01.RequestHandler- sec-ch-ua-platform: "macOS"
2026-01-16 13:46:11,213 [Thread-0] DEBUG ru.itis.dis403.lab1_01.RequestHandler- DNT: 1
2026-01-16 13:46:11,213 [Thread-0] DEBUG ru.itis.dis403.lab1_01.RequestHandler- Upgrade-Insecure-Requests: 1
2026-01-16 13:46:11,213 [Thread-0] DEBUG ru.itis.dis403.lab1_01.RequestHandler- User-Agent: Mozilla/5.0 (Macintosh; Intel Mac OS X 10_15_7) AppleWebKit/537.36 (KHTML, like Gecko) Chrome/144.0.0.0 Safari/537.36
2026-01-16 13:46:11,213 [Thread-0] DEBUG ru.itis.dis403.lab1_01.RequestHandler- Accept: text/html,application/xhtml+xml,application/xml;q=0.9,image/avif,image/webp,image/apng,*/*;q=0.8,application/signed-exchange;v=b3;q=0.7
2026-01-16 13:46:11,213 [Thread-0] DEBUG ru.itis.dis403.lab1_01.RequestHandler- Sec-Fetch-Site: cross-site
2026-01-16 13:46:11,213 [Thread-0] DEBUG ru.itis.dis403.lab1_01.RequestHandler- Sec-Fetch-Mode: navigate
2026-01-16 13:46:11,213 [Thread-0] DEBUG ru.itis.dis403.lab1_01.RequestHandler- Sec-Fetch-User: ?1
2026-01-16 13:46:11,213 [Thread-0] DEBUG ru.itis.dis403.lab1_01.RequestHandler- Sec-Fetch-Dest: document
2026-01-16 13:46:11,213 [Thread-0] DEBUG ru.itis.dis403.lab1_01.RequestHandler- Accept-Encoding: gzip, deflate, br, zstd
2026-01-16 13:46:11,213 [Thread-0] DEBUG ru.itis.dis403.lab1_01.RequestHandler- Accept-Language: en-GB,en;q=0.9,ru-RU;q=0.8,ru;q=0.7,en-US;q=0.6
2026-01-16 13:46:11,214 [Thread-0] DEBUG ru.itis.dis403.lab1_01.RequestHandler- 
2026-01-16 13:46:11,214 [Thread-0] DEBUG ru.itis.dis403.lab1_01.RequestHandler- end of request header
2026-01-16 13:46:11,214 [Thread-0] DEBUG ru.itis.dis403.lab1_01.RequestHandler- outputStreamjava.net.Socket$SocketOutputStream@686335bd
2026-01-16 15:30:31,057 [main] INFO  ru.itis.dis403.lab1_01.HttpServer- start HttpServer
2026-01-16 15:30:36,283 [Thread-0] DEBUG ru.itis.dis403.lab1_01.RequestHandler- GET / HTTP/1.1
2026-01-16 15:30:36,284 [Thread-0] DEBUG ru.itis.dis403.lab1_01.RequestHandler- Host: localhost:8080
2026-01-16 15:30:36,284 [Thread-0] DEBUG ru.itis.dis403.lab1_01.RequestHandler- Connection: keep-alive
2026-01-16 15:30:36,284 [Thread-0] DEBUG ru.itis.dis403.lab1_01.RequestHandler- Cache-Control: max-age=0
2026-01-16 15:30:36,284 [Thread-0] DEBUG ru.itis.dis403.lab1_01.RequestHandler- sec-ch-ua: "Not(A:Brand";v="8", "Chromium";v="144", "Google Chrome";v="144"
2026-01-16 15:30:36,284 [Thread-0] DEBUG ru.itis.dis403.lab1_01.RequestHandler- sec-ch-ua-mobile: ?0
2026-01-16 15:30:36,284 [Thread-0] DEBUG ru.itis.dis403.lab1_01.RequestHandler- sec-ch-ua-platform: "macOS"
2026-01-16 15:30:36,284 [Thread-0] DEBUG ru.itis.dis403.lab1_01.RequestHandler- DNT: 1
2026-01-16 15:30:36,284 [Thread-0] DEBUG ru.itis.dis403.lab1_01.RequestHandler- Upgrade-Insecure-Requests: 1
2026-01-16 15:30:36,284 [Thread-0] DEBUG ru.itis.dis403.lab1_01.RequestHandler- User-Agent: Mozilla/5.0 (Macintosh; Intel Mac OS X 10_15_7) AppleWebKit/537.36 (KHTML, like Gecko) Chrome/144.0.0.0 Safari/537.36
2026-01-16 15:30:36,285 [Thread-0] DEBUG ru.itis.dis403.lab1_01.RequestHandler- Accept: text/html,application/xhtml+xml,application/xml;q=0.9,image/avif,image/webp,image/apng,*/*;q=0.8,application/signed-exchange;v=b3;q=0.7
2026-01-16 15:30:36,285 [Thread-0] DEBUG ru.itis.dis403.lab1_01.RequestHandler- Sec-Fetch-Site: cross-site
2026-01-16 15:30:36,285 [Thread-0] DEBUG ru.itis.dis403.lab1_01.RequestHandler- Sec-Fetch-Mode: navigate
2026-01-16 15:30:36,285 [Thread-0] DEBUG ru.itis.dis403.lab1_01.RequestHandler- Sec-Fetch-User: ?1
2026-01-16 15:30:36,285 [Thread-0] DEBUG ru.itis.dis403.lab1_01.RequestHandler- Sec-Fetch-Dest: document
2026-01-16 15:30:36,285 [Thread-0] DEBUG ru.itis.dis403.lab1_01.RequestHandler- Accept-Encoding: gzip, deflate, br, zstd
2026-01-16 15:30:36,285 [Thread-0] DEBUG ru.itis.dis403.lab1_01.RequestHandler- Accept-Language: en-GB,en;q=0.9,ru-RU;q=0.8,ru;q=0.7,en-US;q=0.6
2026-01-16 15:30:36,285 [Thread-0] DEBUG ru.itis.dis403.lab1_01.RequestHandler- 
2026-01-16 15:30:36,285 [Thread-0] DEBUG ru.itis.dis403.lab1_01.RequestHandler- end of request header
2026-01-16 15:30:36,286 [Thread-0] DEBUG ru.itis.dis403.lab1_01.RequestHandler- outputStreamjava.net.Socket$SocketOutputStream@4079a130
2026-01-16 15:30:41,600 [Thread-1] DEBUG ru.itis.dis403.lab1_01.RequestHandler- GET /%D1%80%D1%89%D1%8C%D1%83 HTTP/1.1
2026-01-16 15:30:41,601 [Thread-1] DEBUG ru.itis.dis403.lab1_01.RequestHandler- Host: localhost:8080
2026-01-16 15:30:41,602 [Thread-1] DEBUG ru.itis.dis403.lab1_01.RequestHandler- Connection: keep-alive
2026-01-16 15:30:41,602 [Thread-1] DEBUG ru.itis.dis403.lab1_01.RequestHandler- sec-ch-ua: "Not(A:Brand";v="8", "Chromium";v="144", "Google Chrome";v="144"
2026-01-16 15:30:41,602 [Thread-1] DEBUG ru.itis.dis403.lab1_01.RequestHandler- sec-ch-ua-mobile: ?0
2026-01-16 15:30:41,602 [Thread-1] DEBUG ru.itis.dis403.lab1_01.RequestHandler- sec-ch-ua-platform: "macOS"
2026-01-16 15:30:41,602 [Thread-1] DEBUG ru.itis.dis403.lab1_01.RequestHandler- DNT: 1
2026-01-16 15:30:41,602 [Thread-1] DEBUG ru.itis.dis403.lab1_01.RequestHandler- Upgrade-Insecure-Requests: 1
2026-01-16 15:30:41,603 [Thread-1] DEBUG ru.itis.dis403.lab1_01.RequestHandler- User-Agent: Mozilla/5.0 (Macintosh; Intel Mac OS X 10_15_7) AppleWebKit/537.36 (KHTML, like Gecko) Chrome/144.0.0.0 Safari/537.36
2026-01-16 15:30:41,603 [Thread-1] DEBUG ru.itis.dis403.lab1_01.RequestHandler- Accept: text/html,application/xhtml+xml,application/xml;q=0.9,image/avif,image/webp,image/apng,*/*;q=0.8,application/signed-exchange;v=b3;q=0.7
2026-01-16 15:30:41,603 [Thread-1] DEBUG ru.itis.dis403.lab1_01.RequestHandler- Sec-Fetch-Site: none
2026-01-16 15:30:41,603 [Thread-1] DEBUG ru.itis.dis403.lab1_01.RequestHandler- Sec-Fetch-Mode: navigate
2026-01-16 15:30:41,603 [Thread-1] DEBUG ru.itis.dis403.lab1_01.RequestHandler- Sec-Fetch-User: ?1
2026-01-16 15:30:41,603 [Thread-1] DEBUG ru.itis.dis403.lab1_01.RequestHandler- Sec-Fetch-Dest: document
2026-01-16 15:30:41,603 [Thread-1] DEBUG ru.itis.dis403.lab1_01.RequestHandler- Accept-Encoding: gzip, deflate, br, zstd
2026-01-16 15:30:41,603 [Thread-1] DEBUG ru.itis.dis403.lab1_01.RequestHandler- Accept-Language: en-GB,en;q=0.9,ru-RU;q=0.8,ru;q=0.7,en-US;q=0.6
2026-01-16 15:30:41,603 [Thread-1] DEBUG ru.itis.dis403.lab1_01.RequestHandler- Cookie: Idea-baf2e7c=5b814342-0090-4b63-a748-272a9d405245; Webstorm-11ca9643=d53d40ff-5988-43f2-b781-1b8e027852f5; Idea-baf2e7b=3a3b6e6d-2234-4c51-9954-a3a4bd6d5bd2
2026-01-16 15:30:41,604 [Thread-1] DEBUG ru.itis.dis403.lab1_01.RequestHandler- 
2026-01-16 15:30:41,604 [Thread-1] DEBUG ru.itis.dis403.lab1_01.RequestHandler- end of request header
2026-01-16 15:30:41,604 [Thread-1] DEBUG ru.itis.dis403.lab1_01.RequestHandler- outputStreamjava.net.Socket$SocketOutputStream@629b5ecd
2026-01-16 15:31:47,916 [Thread-2] DEBUG ru.itis.dis403.lab1_01.RequestHandler- null
2026-01-16 15:31:47,916 [Thread-3] DEBUG ru.itis.dis403.lab1_01.RequestHandler- null
